<?xml version="1.0" encoding="UTF-8"?>
<testsuite name="DVMTest" tests="1" skipped="0" failures="0" errors="0" timestamp="2021-05-10T04:05:51" hostname="DESKTOP-TEV2AP7" time="0.003">
  <properties/>
  <testcase name="testMyAdd" classname="DVMTest" time="0.003"/>
  <system-out><![CDATA[]]></system-out>
  <system-err><![CDATA[]]></system-err>
</testsuite>
